<?xml version="1.0" encoding="UTF-8"?>
<!-- Generated by org.testng.reporters.JUnitXMLReporter -->
<testsuite ignored="0" hostname="DESKTOP-KDC4LO2" failures="0" tests="3" name="Default test" time="0.359" errors="0" timestamp="2022-09-06T01:43:11 IST">
  <testcase classname="Selenium.DataproviderBasic" name="Testlogin" time="0.042"/>
  <testcase classname="Selenium.DataproviderBasic" name="Testlogin" time="0.002"/>
  <testcase classname="Selenium.DataproviderBasic" name="Testlogin" time="0.005"/>
</testsuite> <!-- Default test -->
